<?xml version="1.0" encoding="UTF-8" ?>
<testsuite tests="6" failures="0" name="edu.neu.coe.info6205.RandomWalkTest" time="0.162" errors="0" skipped="0">
  <properties>
[...]
</properties>
  <testcase classname="edu.neu.coe.info6205.RandomWalkTest" name="testRandomWalk2" time="0.011"/>
  <testcase classname="edu.neu.coe.info6205.RandomWalkTest" name="testMove0" time="0.016"/>
  <testcase classname="edu.neu.coe.info6205.RandomWalkTest" name="testMove1" time="0.002"/>
  <testcase classname="edu.neu.coe.info6205.RandomWalkTest" name="testMove2" time="0.003"/>
  <testcase classname="edu.neu.coe.info6205.RandomWalkTest" name="testMove3" time="0.002"/>
  <testcase classname="edu.neu.coe.info6205.RandomWalkTest" name="testRandomWalk" time="0.128"/>
</testsuite>